# JRE version: OpenJDK Runtime Environment Corretto-17.0.5.8.1 (17.0.5+8) (build 17.0.5+8-LTS)
# Java VM: OpenJDK 64-Bit Server VM Corretto-17.0.5.8.1 (17.0.5+8-LTS, mixed mode, sharing, tiered, compressed oops, compressed class ptrs, g1 gc, windows-amd64)
GC Precious Log:
 CPUs: 4 total, 4 available
 Memory: 4094M
 Large Page Support: Disabled
 NUMA Support: Disabled
 Compressed Oops: Enabled (32-bit)
 Heap Region Size: 1M
 Heap Min Capacity: 8M
 Heap Initial Capacity: 64M
 Heap Max Capacity: 1G
 Pre-touch: Disabled
 Parallel Workers: 4
 Concurrent Workers: 1
 Concurrent Refinement Workers: 4
 Periodic GC: Disabled
Heap:
 garbage-first heap   total 169984K, used 71892K [0x00000000c0000000, 0x0000000100000000)
  region size 1024K, 2 young (2048K), 2 survivors (2048K)
 Metaspace       used 90300K, committed 90880K, reserved 1130496K
  class space    used 12282K, committed 12544K, reserved 1048576K
GC Heap History (20 events):
Event: 33.713 GC heap after
{Heap after GC invocations=25 (full 0):
 garbage-first heap   total 66560K, used 33245K [0x00000000c0000000, 0x0000000100000000)
  region size 1024K, 4 young (4096K), 4 survivors (4096K)
 Metaspace       used 67302K, committed 67904K, reserved 1114112K
  class space    used 9486K, committed 9792K, reserved 1048576K
}
Event: 33.748 GC heap before
{Heap before GC invocations=25 (full 0):
 garbage-first heap   total 66560K, used 36317K [0x00000000c0000000, 0x0000000100000000)
  region size 1024K, 8 young (8192K), 4 survivors (4096K)
 Metaspace       used 67324K, committed 67904K, reserved 1114112K
  class space    used 9486K, committed 9792K, reserved 1048576K
}
Event: 33.756 GC heap after
{Heap after GC invocations=26 (full 0):
 garbage-first heap   total 66560K, used 34431K [0x00000000c0000000, 0x0000000100000000)
  region size 1024K, 2 young (2048K), 2 survivors (2048K)
 Metaspace       used 67324K, committed 67904K, reserved 1114112K
  class space    used 9486K, committed 9792K, reserved 1048576K
}
Event: 33.963 GC heap before
{Heap before GC invocations=27 (full 0):
 garbage-first heap   total 75776K, used 51839K [0x00000000c0000000, 0x0000000100000000)
  region size 1024K, 19 young (19456K), 2 survivors (2048K)
 Metaspace       used 67370K, committed 67968K, reserved 1114112K
  class space    used 9486K, committed 9792K, reserved 1048576K
}
Event: 33.987 GC heap after
{Heap after GC invocations=28 (full 0):
 garbage-first heap   total 75776K, used 38141K [0x00000000c0000000, 0x0000000100000000)
  region size 1024K, 3 young (3072K), 3 survivors (3072K)
 Metaspace       used 67370K, committed 67968K, reserved 1114112K
  class space    used 9486K, committed 9792K, reserved 1048576K
}
Event: 34.183 GC heap before
{Heap before GC invocations=28 (full 0):
 garbage-first heap   total 75776K, used 57597K [0x00000000c0000000, 0x0000000100000000)
  region size 1024K, 22 young (22528K), 3 survivors (3072K)
 Metaspace       used 67426K, committed 68032K, reserved 1114112K
  class space    used 9488K, committed 9792K, reserved 1048576K
}
Event: 34.222 GC heap after
{Heap after GC invocations=29 (full 0):
 garbage-first heap   total 169984K, used 44677K [0x00000000c0000000, 0x0000000100000000)
  region size 1024K, 3 young (3072K), 3 survivors (3072K)
 Metaspace       used 67426K, committed 68032K, reserved 1114112K
  class space    used 9488K, committed 9792K, reserved 1048576K
}
Event: 134.086 GC heap before
{Heap before GC invocations=30 (full 0):
 garbage-first heap   total 160768K, used 116357K [0x00000000c0000000, 0x0000000100000000)
  region size 1024K, 74 young (75776K), 3 survivors (3072K)
 Metaspace       used 77932K, committed 78528K, reserved 1122304K
  class space    used 10888K, committed 11200K, reserved 1048576K
}
Event: 134.610 GC heap after
{Heap after GC invocations=31 (full 0):
 garbage-first heap   total 160768K, used 50498K [0x00000000c0000000, 0x0000000100000000)
  region size 1024K, 9 young (9216K), 9 survivors (9216K)
 Metaspace       used 77932K, committed 78528K, reserved 1122304K
  class space    used 10888K, committed 11200K, reserved 1048576K
}
Event: 134.653 GC heap before
{Heap before GC invocations=31 (full 0):
 garbage-first heap   total 160768K, used 51522K [0x00000000c0000000, 0x0000000100000000)
  region size 1024K, 10 young (10240K), 9 survivors (9216K)
 Metaspace       used 78096K, committed 78656K, reserved 1122304K
  class space    used 10910K, committed 11200K, reserved 1048576K
}
Event: 134.738 GC heap after
{Heap after GC invocations=32 (full 0):
 garbage-first heap   total 160768K, used 51551K [0x00000000c0000000, 0x0000000100000000)
  region size 1024K, 2 young (2048K), 2 survivors (2048K)
 Metaspace       used 78096K, committed 78656K, reserved 1122304K
  class space    used 10910K, committed 11200K, reserved 1048576K
}
Event: 776.894 GC heap before
{Heap before GC invocations=32 (full 0):
 garbage-first heap   total 160768K, used 94559K [0x00000000c0000000, 0x0000000100000000)
  region size 1024K, 45 young (46080K), 2 survivors (2048K)
 Metaspace       used 88842K, committed 89472K, reserved 1130496K
  class space    used 12154K, committed 12480K, reserved 1048576K
}
Event: 778.232 GC heap after
{Heap after GC invocations=33 (full 0):
 garbage-first heap   total 160768K, used 57770K [0x00000000c0000000, 0x0000000100000000)
  region size 1024K, 6 young (6144K), 6 survivors (6144K)
 Metaspace       used 88842K, committed 89472K, reserved 1130496K
  class space    used 12154K, committed 12480K, reserved 1048576K
}
Event: 778.360 GC heap before
{Heap before GC invocations=33 (full 0):
 garbage-first heap   total 160768K, used 59818K [0x00000000c0000000, 0x0000000100000000)
  region size 1024K, 7 young (7168K), 6 survivors (6144K)
 Metaspace       used 88910K, committed 89536K, reserved 1130496K
  class space    used 12156K, committed 12480K, reserved 1048576K
}
Event: 778.501 GC heap after
{Heap after GC invocations=34 (full 0):
 garbage-first heap   total 160768K, used 59823K [0x00000000c0000000, 0x0000000100000000)
  region size 1024K, 1 young (1024K), 1 survivors (1024K)
 Metaspace       used 88910K, committed 89536K, reserved 1130496K
  class space    used 12156K, committed 12480K, reserved 1048576K
}
Event: 779.918 GC heap before
{Heap before GC invocations=34 (full 0):
 garbage-first heap   total 160768K, used 70063K [0x00000000c0000000, 0x0000000100000000)
  region size 1024K, 7 young (7168K), 1 survivors (1024K)
 Metaspace       used 89398K, committed 89984K, reserved 1130496K
  class space    used 12181K, committed 12480K, reserved 1048576K
}
Event: 780.025 GC heap after
{Heap after GC invocations=35 (full 0):
 garbage-first heap   total 160768K, used 64739K [0x00000000c0000000, 0x0000000100000000)
  region size 1024K, 1 young (1024K), 1 survivors (1024K)
 Metaspace       used 89398K, committed 89984K, reserved 1130496K
  class space    used 12181K, committed 12480K, reserved 1048576K
}
Event: 781.172 GC heap before
{Heap before GC invocations=35 (full 0):
 garbage-first heap   total 160768K, used 76003K [0x00000000c0000000, 0x0000000100000000)
  region size 1024K, 7 young (7168K), 1 survivors (1024K)
 Metaspace       used 89500K, committed 90176K, reserved 1130496K
  class space    used 12186K, committed 12480K, reserved 1048576K
}
Event: 781.258 GC heap after
{Heap after GC invocations=36 (full 0):
 garbage-first heap   total 160768K, used 70353K [0x00000000c0000000, 0x0000000100000000)
  region size 1024K, 1 young (1024K), 1 survivors (1024K)
 Metaspace       used 89500K, committed 90176K, reserved 1130496K
  class space    used 12186K, committed 12480K, reserved 1048576K
}
Event: 793.582 GC heap before
{Heap before GC invocations=36 (full 0):
 garbage-first heap   total 160768K, used 78545K [0x00000000c0000000, 0x0000000100000000)
  region size 1024K, 9 young (9216K), 1 survivors (1024K)
 Metaspace       used 90300K, committed 90880K, reserved 1130496K
  class space    used 12282K, committed 12544K, reserved 1048576K
}

